<?xml version="1.0" encoding="UTF-8"?>
<!-- Generated by org.testng.reporters.JUnitReportReporter -->
<testsuite skipped="0" hostname="vipuls-MacBook-Air.local" name="com.amazon.qa.testcases.HomePageTest" tests="2" failures="0" timestamp="22 Jul 2020 13:09:07 GMT" time="12.848" errors="0">
  <testcase name="HomePageTitleTest" time="5.740" classname="com.amazon.qa.testcases.HomePageTest"/>
  <testcase name="navigateToSignInPage" time="7.108" classname="com.amazon.qa.testcases.HomePageTest"/>
</testsuite> <!-- com.amazon.qa.testcases.HomePageTest -->
