<?xml version="1.0" encoding="UTF-8"?>
<!-- Generated by org.testng.reporters.JUnitReportReporter -->
<testsuite skipped="0" hostname="vipuls-MacBook-Air.local" name="com.amazon.qa.testcases.CreateAccountPageTest" tests="1" failures="0" timestamp="22 Jul 2020 14:20:08 GMT" time="12.925" errors="0">
  <testcase name="navigateToCreateAccountPageTest" time="12.925" classname="com.amazon.qa.testcases.CreateAccountPageTest"/>
</testsuite> <!-- com.amazon.qa.testcases.CreateAccountPageTest -->
